[debug] [2022-07-20T08:06:08.109Z] ----------------------------------------------------------------------
[debug] [2022-07-20T08:06:08.112Z] Command:       /usr/local/bin/node /usr/local/bin/firebase init
[debug] [2022-07-20T08:06:08.112Z] CLI Version:   11.3.0
[debug] [2022-07-20T08:06:08.112Z] Platform:      darwin
[debug] [2022-07-20T08:06:08.113Z] Node Version:  v16.16.0
[debug] [2022-07-20T08:06:08.113Z] Time:          Wed Jul 20 2022 11:06:08 GMT+0300 (Москва, стандартное время)
[debug] [2022-07-20T08:06:08.114Z] ----------------------------------------------------------------------
[debug] 
[debug] [2022-07-20T08:06:08.177Z] > command requires scopes: ["email","openid","https://www.googleapis.com/auth/cloudplatformprojects.readonly","https://www.googleapis.com/auth/firebase","https://www.googleapis.com/auth/cloud-platform"]
[debug] [2022-07-20T08:06:08.178Z] > authorizing via signed-in user (annenkov.alexander@gmail.com)
[info] 
     ######## #### ########  ######## ########     ###     ######  ########
     ##        ##  ##     ## ##       ##     ##  ##   ##  ##       ##
     ######    ##  ########  ######   ########  #########  ######  ######
     ##        ##  ##    ##  ##       ##     ## ##     ##       ## ##
     ##       #### ##     ## ######## ########  ##     ##  ######  ########

You're about to initialize a Firebase project in this directory:

  /Users/Alexander/Documents/SaluteJS/my-app

Before we get started, keep in mind:

  * You are initializing within an existing Firebase project directory

[info] 
=== Project Setup
[info] 
[info] First, let's associate this project directory with a Firebase project.
[info] You can create multiple project aliases by running firebase use --add, 
[info] but for now we'll just set up a default project.
[info] 
[debug] [2022-07-20T08:06:14.623Z] Using project from CLI flag: data-shard-124217
[debug] [2022-07-20T08:06:14.625Z] > refreshing access token with scopes: []
[debug] [2022-07-20T08:06:14.627Z] >>> [apiv2][query] POST https://www.googleapis.com/oauth2/v3/token [none]
[debug] [2022-07-20T08:06:14.627Z] >>> [apiv2][body] POST https://www.googleapis.com/oauth2/v3/token [omitted]
[debug] [2022-07-20T08:06:14.737Z] <<< [apiv2][status] POST https://www.googleapis.com/oauth2/v3/token 400
[debug] [2022-07-20T08:06:14.738Z] <<< [apiv2][body] POST https://www.googleapis.com/oauth2/v3/token [omitted]
[debug] [2022-07-20T08:06:14.738Z] >>> [apiv2][query] GET https://firebase.googleapis.com/v1beta1/projects/data-shard-124217 [none]
[debug] [2022-07-20T08:06:14.815Z] <<< [apiv2][status] GET https://firebase.googleapis.com/v1beta1/projects/data-shard-124217 401
[debug] [2022-07-20T08:06:14.815Z] <<< [apiv2][body] GET https://firebase.googleapis.com/v1beta1/projects/data-shard-124217 {"error":{"code":401,"message":"Request had invalid authentication credentials. Expected OAuth 2 access token, login cookie or other valid authentication credential. See https://developers.google.com/identity/sign-in/web/devconsole-project.","status":"UNAUTHENTICATED"}}
[debug] [2022-07-20T08:06:14.816Z] HTTP Error: 401, Request had invalid authentication credentials. Expected OAuth 2 access token, login cookie or other valid authentication credential. See https://developers.google.com/identity/sign-in/web/devconsole-project.
[debug] [2022-07-20T08:06:14.816Z] FirebaseError: HTTP Error: 401, Request had invalid authentication credentials. Expected OAuth 2 access token, login cookie or other valid authentication credential. See https://developers.google.com/identity/sign-in/web/devconsole-project.
    at responseToError (/usr/local/lib/node_modules/firebase-tools/lib/responseToError.js:49:12)
    at RetryOperation._fn (/usr/local/lib/node_modules/firebase-tools/lib/apiv2.js:287:77)
    at processTicksAndRejections (node:internal/process/task_queues:96:5)
[error] 
[error] Error: Failed to get Firebase project data-shard-124217. Please make sure the project exists and your account has permission to access it.
[debug] [2022-07-20T08:09:07.891Z] ----------------------------------------------------------------------
[debug] [2022-07-20T08:09:07.893Z] Command:       /usr/local/bin/node /usr/local/bin/firebase init
[debug] [2022-07-20T08:09:07.894Z] CLI Version:   11.3.0
[debug] [2022-07-20T08:09:07.894Z] Platform:      darwin
[debug] [2022-07-20T08:09:07.894Z] Node Version:  v16.16.0
[debug] [2022-07-20T08:09:07.895Z] Time:          Wed Jul 20 2022 11:09:07 GMT+0300 (Москва, стандартное время)
[debug] [2022-07-20T08:09:07.895Z] ----------------------------------------------------------------------
[debug] 
[debug] [2022-07-20T08:09:07.958Z] > command requires scopes: ["email","openid","https://www.googleapis.com/auth/cloudplatformprojects.readonly","https://www.googleapis.com/auth/firebase","https://www.googleapis.com/auth/cloud-platform"]
[debug] [2022-07-20T08:09:07.958Z] > authorizing via signed-in user (annenkov.alexander@gmail.com)
[info] 
     ######## #### ########  ######## ########     ###     ######  ########
     ##        ##  ##     ## ##       ##     ##  ##   ##  ##       ##
     ######    ##  ########  ######   ########  #########  ######  ######
     ##        ##  ##    ##  ##       ##     ## ##     ##       ## ##
     ##       #### ##     ## ######## ########  ##     ##  ######  ########

You're about to initialize a Firebase project in this directory:

  /Users/Alexander/Documents/SaluteJS/my-app

Before we get started, keep in mind:

  * You are initializing within an existing Firebase project directory

[info] 
=== Project Setup
[info] 
[info] First, let's associate this project directory with a Firebase project.
[info] You can create multiple project aliases by running firebase use --add, 
[info] but for now we'll just set up a default project.
[info] 
[debug] [2022-07-20T08:09:12.369Z] Using project from CLI flag: data-shard-124217
[debug] [2022-07-20T08:09:12.370Z] > refreshing access token with scopes: []
[debug] [2022-07-20T08:09:12.372Z] >>> [apiv2][query] POST https://www.googleapis.com/oauth2/v3/token [none]
[debug] [2022-07-20T08:09:12.373Z] >>> [apiv2][body] POST https://www.googleapis.com/oauth2/v3/token [omitted]
[debug] [2022-07-20T08:09:12.525Z] <<< [apiv2][status] POST https://www.googleapis.com/oauth2/v3/token 400
[debug] [2022-07-20T08:09:12.525Z] <<< [apiv2][body] POST https://www.googleapis.com/oauth2/v3/token [omitted]
[debug] [2022-07-20T08:09:12.526Z] >>> [apiv2][query] GET https://firebase.googleapis.com/v1beta1/projects/data-shard-124217 [none]
[debug] [2022-07-20T08:09:12.599Z] <<< [apiv2][status] GET https://firebase.googleapis.com/v1beta1/projects/data-shard-124217 401
[debug] [2022-07-20T08:09:12.599Z] <<< [apiv2][body] GET https://firebase.googleapis.com/v1beta1/projects/data-shard-124217 {"error":{"code":401,"message":"Request had invalid authentication credentials. Expected OAuth 2 access token, login cookie or other valid authentication credential. See https://developers.google.com/identity/sign-in/web/devconsole-project.","status":"UNAUTHENTICATED"}}
[debug] [2022-07-20T08:09:12.600Z] HTTP Error: 401, Request had invalid authentication credentials. Expected OAuth 2 access token, login cookie or other valid authentication credential. See https://developers.google.com/identity/sign-in/web/devconsole-project.
[debug] [2022-07-20T08:09:12.601Z] FirebaseError: HTTP Error: 401, Request had invalid authentication credentials. Expected OAuth 2 access token, login cookie or other valid authentication credential. See https://developers.google.com/identity/sign-in/web/devconsole-project.
    at responseToError (/usr/local/lib/node_modules/firebase-tools/lib/responseToError.js:49:12)
    at RetryOperation._fn (/usr/local/lib/node_modules/firebase-tools/lib/apiv2.js:287:77)
    at processTicksAndRejections (node:internal/process/task_queues:96:5)
[error] 
[error] Error: Failed to get Firebase project data-shard-124217. Please make sure the project exists and your account has permission to access it.
